Arguments: 
  /usr/local/bin/node /usr/local/bin/yarn build

PATH: 
  /Library/Frameworks/Python.framework/Versions/3.6/bin:/usr/local/bin:/usr/bin:/bin:/usr/sbin:/sbin:/Library/Frameworks/Python.framework/Versions/3.6/bin

Yarn version: 
  0.19.1

Node version: 
  8.4.0

Platform: 
  darwin x64

npm manifest: 
  {
    "name": "52dianying-preact",
    "version": "1.0.0",
    "description": "",
    "main": "index.js",
    "scripts": {
      "test": "eslint src && preact test",
      "start": "if-env NODE_ENV=production && npm run -s serve || npm run -s dev",
      "build": "preact build",
      "serve": "preact build && preact serve",
      "dev": "preact watch"
    },
    "keywords": [],
    "author": "",
    "license": "ISC",
    "eslintConfig": {
      "extends": "eslint-config-synacor"
    },
    "devDependencies": {
      "eslint": "^4.6.1",
      "eslint-config-synacor": "^1.1.1",
      "if-env": "^1.0.0",
      "preact-cli": "^1.4.1"
    },
    "dependencies": {
      "preact": "^8.2.5",
      "preact-compat": "^3.17.0",
      "preact-router": "^2.5.7"
    }
  }

yarn manifest: 
  No manifest

Lockfile: 
  No lockfile

Trace: 
  Error: EACCES: permission denied, open '/Users/likun/Library/Caches/Yarn/.roadrunner.json'
      at Object.fs.openSync (fs.js:652:18)
      at Object.fs.writeFileSync (fs.js:1299:33)
      at /usr/local/lib/node_modules/yarn/node_modules/roadrunner/index.js:25:6
      at /usr/local/lib/node_modules/yarn/node_modules/roadrunner/index.js:12:12
      at emitOne (events.js:120:20)
      at process.emit (events.js:210:7)
      at processEmit [as emit] (/usr/local/lib/node_modules/yarn/node_modules/signal-exit/index.js:149:35)
      at process.exit (internal/process.js:158:15)
      at exit (/usr/local/lib/node_modules/yarn/lib/cli/index.js:422:13)
      at <anonymous>
